[0m23:30:19.009594 [debug] [MainThread]: Sending event: {'category': 'dbt', 'action': 'invocation', 'label': 'start', 'context': [<snowplow_tracker.self_describing_json.SelfDescribingJson object at 0x7f298f9ba920>, <snowplow_tracker.self_describing_json.SelfDescribingJson object at 0x7f298e9ebd90>, <snowplow_tracker.self_describing_json.SelfDescribingJson object at 0x7f298e9ebd30>]}


============================== 23:30:19.012910 | d6859efe-f7e5-4333-b160-5a472ed52bab ==============================
[0m23:30:19.012910 [info ] [MainThread]: Running with dbt=1.9.4
[0m23:30:19.013458 [debug] [MainThread]: running dbt with arguments {'printer_width': '80', 'indirect_selection': 'eager', 'log_cache_events': 'False', 'write_json': 'True', 'partial_parse': 'True', 'cache_selected_only': 'False', 'warn_error': 'None', 'version_check': 'True', 'profiles_dir': '/home/harry/.dbt', 'log_path': 'logs', 'debug': 'False', 'fail_fast': 'False', 'use_colors': 'True', 'use_experimental_parser': 'False', 'no_print': 'None', 'quiet': 'False', 'empty': 'None', 'warn_error_options': 'WarnErrorOptions(include=[], exclude=[])', 'introspect': 'True', 'invocation_command': 'dbt init asx_stock_analytics', 'log_format': 'default', 'target_path': 'None', 'static_parser': 'True', 'send_anonymous_usage_stats': 'True'}
[0m23:30:19.018748 [warn ] [MainThread]: [ConfigFolderDirectory]: Unable to parse logging event dictionary. Failed to parse dir field: expected string or bytes-like object.. Dictionary: {'dir': PosixPath('/home/harry/.dbt')}
[0m23:30:19.019163 [info ] [MainThread]: Creating dbt configuration folder at 
[0m23:30:19.020213 [debug] [MainThread]: Starter project path: /home/harry/.local/lib/python3.10/site-packages/dbt/include/starter_project
[0m23:30:19.022628 [info ] [MainThread]: 
Your new dbt project "asx_stock_analytics" was created!

For more information on how to configure the profiles.yml file,
please consult the dbt documentation here:

  https://docs.getdbt.com/docs/configure-your-profile

One more thing:

Need help? Don't hesitate to reach out to us via GitHub issues or on Slack:

  https://community.getdbt.com/

Happy modeling!

[0m23:30:19.022987 [info ] [MainThread]: Setting up your profile.
[0m23:35:46.981903 [info ] [MainThread]: Profile asx_stock_analytics written to /home/harry/.dbt/profiles.yml using target's profile_template.yml and your supplied values. Run 'dbt debug' to validate the connection.
[0m23:35:46.986767 [debug] [MainThread]: Resource report: {"command_name": "init", "command_success": true, "command_wall_clock_time": 328.02026, "process_in_blocks": "164232", "process_kernel_time": 1.693147, "process_mem_max_rss": "216864", "process_out_blocks": "80", "process_user_time": 1.663786}
[0m23:35:46.987795 [debug] [MainThread]: Command `dbt init` succeeded at 23:35:46.987578 after 328.02 seconds
[0m23:35:46.988365 [debug] [MainThread]: Sending event: {'category': 'dbt', 'action': 'invocation', 'label': 'end', 'context': [<snowplow_tracker.self_describing_json.SelfDescribingJson object at 0x7f298f9ba920>, <snowplow_tracker.self_describing_json.SelfDescribingJson object at 0x7f29650d15a0>, <snowplow_tracker.self_describing_json.SelfDescribingJson object at 0x7f298e9e8c70>]}
[0m23:35:46.988923 [debug] [MainThread]: Flushing usage events
[0m23:35:48.284825 [debug] [MainThread]: An error was encountered while trying to flush usage events
